<?xml version="1.0" encoding="UTF-8"?>
<!-- Generated by org.testng.reporters.JUnitXMLReporter -->
<testsuite ignored="3" hostname="EPINBANW0322" failures="0" tests="2" name="Command line test" time="26.987" errors="0" timestamp="2024-03-12T11:04:45 IST">
  <testcase classname="org.epam.fsa.tests.loginTest" name="verifyWindowsTitle" time="2.382"/>
  <testcase classname="org.epam.fsa.tests.loginTest" name="verifyWindowsTitle" time="2.493"/>
  <testcase classname="org.epam.fsa.tests.loginTest" name="verifyLogin" time="0.0">
    <ignored/>
  </testcase> <!-- verifyLogin -->
  <testcase classname="org.epam.fsa.base.BaseTest" name="@BeforeSuite loadPropertiesFile" time="0.0">
    <ignored/>
  </testcase> <!-- @BeforeSuite loadPropertiesFile -->
  <testcase classname="org.epam.fsa.tests.loginTest" name="retry" time="0.0">
    <ignored/>
  </testcase> <!-- retry -->
</testsuite> <!-- Command line test -->
